Using pre-set license
Built from '2020.2/release' branch; Version is '2020.2.1f1 (270dd8c3da1c) revision 2559448'; Using compiler version '192528614'; Build Type 'Release'
OS: 'Windows 10  (10.0.0) 64bit' Language: 'en' Physical Memory: 8029 MB
BatchMode: 1, IsHumanControllingUs: 0, StartBugReporterOnCrash: 0, Is64bit: 1, IsPro: 0

 COMMAND LINE ARGUMENTS:
C:\Program Files\Unity\Hub\Editor\2020.2.1f1\Editor\Unity.exe
-adb2
-batchMode
-noUpm
-name
AssetImportWorker0
-projectPath
C:/Users/arham/Documents/extras/video-test/ProjectBreslet
-logFile
Logs/AssetImportWorker0.log
-srvPort
50860
Successfully changed project path to: C:/Users/arham/Documents/extras/video-test/ProjectBreslet
C:/Users/arham/Documents/extras/video-test/ProjectBreslet
Using Asset Import Pipeline V2.
Refreshing native plugins compatible for Editor in 36.08 ms, found 4 plugins.
Plugins: Failed to load 'C:/Users/arham/Documents/extras/video-test/ProjectBreslet/Packages/com.github.homuler.mediapipe/Runtime/Plugins/libmediapipe_c.dll' because one or more of its dependencies could not be loaded.

Preloading 2 native plugins for Editor in 9.10 ms.
Initialize engine version: 2020.2.1f1 (270dd8c3da1c)
[Subsystems] Discovering subsystems at path C:/Program Files/Unity/Hub/Editor/2020.2.1f1/Editor/Data/Resources/UnitySubsystems
[Subsystems] Discovering subsystems at path C:/Users/arham/Documents/extras/video-test/ProjectBreslet/Assets
GfxDevice: creating device client; threaded=0
Direct3D:
    Version:  Direct3D 11.0 [level 11.1]
    Renderer: NVIDIA GeForce GTX 1650 (ID=0x1f91)
    Vendor:   
    VRAM:     3962 MB
    Driver:   30.0.14.7196
Initialize mono
Mono path[0] = 'C:/Program Files/Unity/Hub/Editor/2020.2.1f1/Editor/Data/Managed'
Mono path[1] = 'C:/Program Files/Unity/Hub/Editor/2020.2.1f1/Editor/Data/MonoBleedingEdge/lib/mono/unityjit'
Mono config path = 'C:/Program Files/Unity/Hub/Editor/2020.2.1f1/Editor/Data/MonoBleedingEdge/etc'
Using monoOptions --debugger-agent=transport=dt_socket,embedding=1,server=y,suspend=n,address=127.0.0.1:56424
Begin MonoManager ReloadAssembly
Registering precompiled unity dll's ...
Register platform support module: C:/Program Files/Unity/Hub/Editor/2020.2.1f1/Editor/Data/PlaybackEngines/WindowsStandaloneSupport/UnityEditor.WindowsStandalone.Extensions.dll
Registered in 0.002142 seconds.
Native extension for WindowsStandalone target not found
Refreshing native plugins compatible for Editor in 30.53 ms, found 4 plugins.
Preloading 2 native plugins for Editor in 4.71 ms.
Invoked RoslynAnalysisRunner static constructor.
RoslynAnalysisRunner will not be running.
RoslynAnalysisRunner has terminated.
Mono: successfully reloaded assembly
- Completed reload, in  1.741 seconds
Platform modules already initialized, skipping
Registering precompiled user dll's ...
Registered in 0.003360 seconds.
Begin MonoManager ReloadAssembly
Native extension for WindowsStandalone target not found
Refreshing native plugins compatible for Editor in 0.32 ms, found 4 plugins.
Preloading 2 native plugins for Editor in 0.12 ms.
Invoked RoslynAnalysisRunner static constructor.
RoslynAnalysisRunner will not be running.
RoslynAnalysisRunner has terminated.
Mono: successfully reloaded assembly
- Completed reload, in  0.981 seconds
Platform modules already initialized, skipping
========================================================================
Worker process is ready to serve import requests
Launched and connected shader compiler UnityShaderCompiler.exe after 0.04 seconds
Refreshing native plugins compatible for Editor in 0.54 ms, found 4 plugins.
Preloading 2 native plugins for Editor in 0.13 ms.
Unloading 1425 Unused Serialized files (Serialized files now loaded: 0)
System memory in use before: 66.0 MB.
System memory in use after: 66.0 MB.

Unloading 21 unused Assets to reduce memory usage. Loaded Objects now: 1856.
Total: 2.675600 ms (FindLiveObjects: 0.543200 ms CreateObjectMapping: 0.228300 ms MarkObjects: 1.766400 ms  DeleteObjects: 0.134400 ms)

========================================================================
Received Import Request.
  path: Assets/Mediapipe/Samples/Scripts/SceneDirector.cs
  artifactKey: Guid(58f6d8535094aa2f99bbc9e4990d0eff) Importer(815301076,1909f56bfc062723c751e8b465ee728b)
Start importing Assets/Mediapipe/Samples/Scripts/SceneDirector.cs using Guid(58f6d8535094aa2f99bbc9e4990d0eff) Importer(815301076,1909f56bfc062723c751e8b465ee728b)  -> (artifact id: '8f8598172dc58816570df6ae692ede53') in 0.103117 seconds
  Import took 0.106394 seconds .

========================================================================
Received Import Request.
  Time since last request: 357.121218 seconds.
  path: Assets/Mediapipe/Samples/Scripts/SceneDirector.cs
  artifactKey: Guid(58f6d8535094aa2f99bbc9e4990d0eff) Importer(815301076,1909f56bfc062723c751e8b465ee728b)
Start importing Assets/Mediapipe/Samples/Scripts/SceneDirector.cs using Guid(58f6d8535094aa2f99bbc9e4990d0eff) Importer(815301076,1909f56bfc062723c751e8b465ee728b)  -> (artifact id: 'ea10879cf2bff3de144bb6bde34734e2') in 0.002821 seconds
  Import took 0.006667 seconds .

========================================================================
Received Prepare
Registering precompiled user dll's ...
Registered in 0.002938 seconds.
Begin MonoManager ReloadAssembly
Native extension for WindowsStandalone target not found
Refreshing native plugins compatible for Editor in 0.34 ms, found 4 plugins.
Preloading 2 native plugins for Editor in 0.12 ms.
Invoked RoslynAnalysisRunner static constructor.
RoslynAnalysisRunner will not be running.
RoslynAnalysisRunner has terminated.
Mono: successfully reloaded assembly
- Completed reload, in  0.913 seconds
Platform modules already initialized, skipping
Refreshing native plugins compatible for Editor in 0.54 ms, found 4 plugins.
Preloading 2 native plugins for Editor in 0.15 ms.
Unloading 1413 Unused Serialized files (Serialized files now loaded: 0)
System memory in use before: 65.6 MB.
System memory in use after: 65.7 MB.

Unloading 16 unused Assets to reduce memory usage. Loaded Objects now: 1858.
Total: 2.197700 ms (FindLiveObjects: 0.278700 ms CreateObjectMapping: 0.064400 ms MarkObjects: 1.773200 ms  DeleteObjects: 0.080200 ms)

========================================================================
Received Prepare
Registering precompiled user dll's ...
Registered in 0.002471 seconds.
Begin MonoManager ReloadAssembly
Native extension for WindowsStandalone target not found
Refreshing native plugins compatible for Editor in 0.41 ms, found 4 plugins.
Preloading 2 native plugins for Editor in 0.11 ms.
Invoked RoslynAnalysisRunner static constructor.
RoslynAnalysisRunner will not be running.
RoslynAnalysisRunner has terminated.
Mono: successfully reloaded assembly
- Completed reload, in  0.963 seconds
Platform modules already initialized, skipping
Refreshing native plugins compatible for Editor in 0.39 ms, found 4 plugins.
Preloading 2 native plugins for Editor in 0.12 ms.
Unloading 1413 Unused Serialized files (Serialized files now loaded: 0)
System memory in use before: 65.8 MB.
System memory in use after: 65.9 MB.

Unloading 16 unused Assets to reduce memory usage. Loaded Objects now: 1860.
Total: 2.909900 ms (FindLiveObjects: 0.346100 ms CreateObjectMapping: 0.057500 ms MarkObjects: 2.427100 ms  DeleteObjects: 0.076700 ms)

========================================================================
Received Import Request.
  Time since last request: 2189.958175 seconds.
  path: Assets/Mediapipe/Samples/Scripts/ResourceManager
  artifactKey: Guid(6980fc6117c073707aa303b7e72e2ac6) Importer(815301076,1909f56bfc062723c751e8b465ee728b)
Start importing Assets/Mediapipe/Samples/Scripts/ResourceManager using Guid(6980fc6117c073707aa303b7e72e2ac6) Importer(815301076,1909f56bfc062723c751e8b465ee728b)  -> (artifact id: '4caa53416dbffd4af3f6ed54e3672b2d') in 0.007410 seconds
  Import took 0.026881 seconds .

========================================================================
Received Import Request.
  Time since last request: 0.038346 seconds.
  path: Assets/Mediapipe/Samples/Scripts/ResourceManager
  artifactKey: Guid(6980fc6117c073707aa303b7e72e2ac6) Importer(815301076,1909f56bfc062723c751e8b465ee728b)
Start importing Assets/Mediapipe/Samples/Scripts/ResourceManager using Guid(6980fc6117c073707aa303b7e72e2ac6) Importer(815301076,1909f56bfc062723c751e8b465ee728b)  -> (artifact id: '4caa53416dbffd4af3f6ed54e3672b2d') in 0.002943 seconds
  Import took 0.007137 seconds .

========================================================================
Received Import Request.
  Time since last request: 42.686273 seconds.
  path: Packages/com.github.homuler.mediapipe/Runtime/Scripts/MediaPipeSDK.asmdef
  artifactKey: Guid(04c4d86a70aa56c55a78c61f1ab1a56d) Importer(815301076,1909f56bfc062723c751e8b465ee728b)
Start importing Packages/com.github.homuler.mediapipe/Runtime/Scripts/MediaPipeSDK.asmdef using Guid(04c4d86a70aa56c55a78c61f1ab1a56d) Importer(815301076,1909f56bfc062723c751e8b465ee728b)  -> (artifact id: '588b13233e379d0fda385ca3a0a869dc') in 0.028153 seconds
  Import took 0.109811 seconds .

========================================================================
Received Import Request.
  Time since last request: 3.975148 seconds.
  path: Packages/com.github.homuler.mediapipe/Runtime/Scripts/Annotation
  artifactKey: Guid(fec4dbc44251bc533b5f289e540a8a35) Importer(815301076,1909f56bfc062723c751e8b465ee728b)
Start importing Packages/com.github.homuler.mediapipe/Runtime/Scripts/Annotation using Guid(fec4dbc44251bc533b5f289e540a8a35) Importer(815301076,1909f56bfc062723c751e8b465ee728b)  -> (artifact id: 'f7ab7df1f8e5e2be829e2a0263d2f9d5') in 0.003536 seconds
  Import took 0.026390 seconds .

========================================================================
Received Import Request.
  Time since last request: 0.072666 seconds.
  path: Packages/com.github.homuler.mediapipe/Runtime/Scripts/Annotation
  artifactKey: Guid(fec4dbc44251bc533b5f289e540a8a35) Importer(815301076,1909f56bfc062723c751e8b465ee728b)
Start importing Packages/com.github.homuler.mediapipe/Runtime/Scripts/Annotation using Guid(fec4dbc44251bc533b5f289e540a8a35) Importer(815301076,1909f56bfc062723c751e8b465ee728b)  -> (artifact id: 'f7ab7df1f8e5e2be829e2a0263d2f9d5') in 0.002403 seconds
  Import took 0.005337 seconds .

========================================================================
Received Import Request.
  Time since last request: 4.989930 seconds.
  path: Packages/com.github.homuler.mediapipe/Runtime/Scripts/Annotation/AnnotationController.cs
  artifactKey: Guid(f3ee7ed7821e2cbc8aa1a9e6de2a4eb8) Importer(815301076,1909f56bfc062723c751e8b465ee728b)
Start importing Packages/com.github.homuler.mediapipe/Runtime/Scripts/Annotation/AnnotationController.cs using Guid(f3ee7ed7821e2cbc8aa1a9e6de2a4eb8) Importer(815301076,1909f56bfc062723c751e8b465ee728b)  -> (artifact id: '0d63025463276aa972dcfe3080ace5a9') in 0.009569 seconds
  Import took 0.016237 seconds .

========================================================================
Received Import Request.
  Time since last request: 0.052964 seconds.
  path: Packages/com.github.homuler.mediapipe/Runtime/Scripts/Annotation/AnnotationController.cs
  artifactKey: Guid(f3ee7ed7821e2cbc8aa1a9e6de2a4eb8) Importer(815301076,1909f56bfc062723c751e8b465ee728b)
Start importing Packages/com.github.homuler.mediapipe/Runtime/Scripts/Annotation/AnnotationController.cs using Guid(f3ee7ed7821e2cbc8aa1a9e6de2a4eb8) Importer(815301076,1909f56bfc062723c751e8b465ee728b)  -> (artifact id: '0d63025463276aa972dcfe3080ace5a9') in 0.005555 seconds
  Import took 0.011378 seconds .

========================================================================
Received Prepare
Registering precompiled user dll's ...
Registered in 0.004535 seconds.
Begin MonoManager ReloadAssembly
Native extension for WindowsStandalone target not found
Refreshing native plugins compatible for Editor in 0.50 ms, found 4 plugins.
Preloading 2 native plugins for Editor in 0.29 ms.
Invoked RoslynAnalysisRunner static constructor.
RoslynAnalysisRunner will not be running.
RoslynAnalysisRunner has terminated.
Mono: successfully reloaded assembly
- Completed reload, in  1.219 seconds
Platform modules already initialized, skipping
Refreshing native plugins compatible for Editor in 0.61 ms, found 4 plugins.
Preloading 2 native plugins for Editor in 0.18 ms.
Unloading 1413 Unused Serialized files (Serialized files now loaded: 0)
System memory in use before: 66.1 MB.
System memory in use after: 66.1 MB.

Unloading 16 unused Assets to reduce memory usage. Loaded Objects now: 1862.
Total: 4.112900 ms (FindLiveObjects: 0.641400 ms CreateObjectMapping: 0.230800 ms MarkObjects: 3.099300 ms  DeleteObjects: 0.137200 ms)

========================================================================
Received Import Request.
  Time since last request: 664.386437 seconds.
  path: Packages/com.github.homuler.mediapipe/Runtime/Scripts
  artifactKey: Guid(6f61981ecfea2bdbe8cf3d12f7b61fa0) Importer(815301076,1909f56bfc062723c751e8b465ee728b)
Start importing Packages/com.github.homuler.mediapipe/Runtime/Scripts using Guid(6f61981ecfea2bdbe8cf3d12f7b61fa0) Importer(815301076,1909f56bfc062723c751e8b465ee728b)  -> (artifact id: '68ef9634fcb993d69ece3599c9ef7684') in 0.009236 seconds
  Import took 0.017292 seconds .

========================================================================
Received Prepare
Registering precompiled user dll's ...
Registered in 0.002916 seconds.
Begin MonoManager ReloadAssembly
Native extension for WindowsStandalone target not found
Refreshing native plugins compatible for Editor in 0.49 ms, found 4 plugins.
Preloading 2 native plugins for Editor in 0.25 ms.
Invoked RoslynAnalysisRunner static constructor.
RoslynAnalysisRunner will not be running.
RoslynAnalysisRunner has terminated.
Mono: successfully reloaded assembly
- Completed reload, in  1.129 seconds
Platform modules already initialized, skipping
Refreshing native plugins compatible for Editor in 0.42 ms, found 4 plugins.
Preloading 2 native plugins for Editor in 0.15 ms.
Unloading 1413 Unused Serialized files (Serialized files now loaded: 0)
System memory in use before: 66.2 MB.
System memory in use after: 66.3 MB.

Unloading 16 unused Assets to reduce memory usage. Loaded Objects now: 1864.
Total: 3.006800 ms (FindLiveObjects: 0.329900 ms CreateObjectMapping: 0.073600 ms MarkObjects: 2.521600 ms  DeleteObjects: 0.078500 ms)

========================================================================
Received Prepare
Registering precompiled user dll's ...
Registered in 0.004782 seconds.
Begin MonoManager ReloadAssembly
Native extension for WindowsStandalone target not found
Refreshing native plugins compatible for Editor in 1.06 ms, found 4 plugins.
Preloading 2 native plugins for Editor in 0.32 ms.
Invoked RoslynAnalysisRunner static constructor.
RoslynAnalysisRunner will not be running.
RoslynAnalysisRunner has terminated.
Mono: successfully reloaded assembly
- Completed reload, in  1.486 seconds
Platform modules already initialized, skipping
Refreshing native plugins compatible for Editor in 0.34 ms, found 4 plugins.
Preloading 2 native plugins for Editor in 0.13 ms.
Unloading 1413 Unused Serialized files (Serialized files now loaded: 0)
System memory in use before: 66.5 MB.
System memory in use after: 66.6 MB.

Unloading 16 unused Assets to reduce memory usage. Loaded Objects now: 1866.
Total: 5.519000 ms (FindLiveObjects: 0.374700 ms CreateObjectMapping: 0.130800 ms MarkObjects: 4.844800 ms  DeleteObjects: 0.164100 ms)

AssetImportWorkerClient::OnTransportError - code=2 error=End of file
